<?xml version="1.0" encoding="UTF-8"?>
<coverage generated="1469709615">
  <project timestamp="1469709615">
    <package name="Gpupo\NetshoesSdk\Client">
      <file name="/Users/gilmar.pupo/workspace/Gpupo/netshoes-sdk/src/Client/Client.php">
        <class name="Client" namespace="Gpupo\NetshoesSdk\Client">
          <metrics complexity="4" methods="1" coveredmethods="1" conditionals="0" coveredconditionals="0" statements="7" coveredstatements="7" elements="8" coveredelements="8"/>
        </class>
        <line num="39" type="method" name="renderAuthorization" visibility="protected" complexity="3" crap="3" count="2"/>
        <line num="41" type="stmt" count="2"/>
        <line num="43" type="stmt" count="2"/>
        <line num="44" type="stmt" count="2"/>
        <line num="45" type="stmt" count="2"/>
        <line num="46" type="stmt" count="1"/>
        <line num="49" type="stmt" count="1"/>
        <line num="52" type="stmt" count="1"/>
        <metrics loc="54" ncloc="40" classes="1" methods="1" coveredmethods="1" conditionals="0" coveredconditionals="0" statements="7" coveredstatements="7" elements="8" coveredelements="8"/>
      </file>
    </package>
    <package name="Gpupo\NetshoesSdk\Entity">
      <file name="/Users/gilmar.pupo/workspace/Gpupo/netshoes-sdk/src/Entity/AbstractManager.php">
        <class name="AbstractManager" namespace="Gpupo\NetshoesSdk\Entity">
          <metrics complexity="10" methods="5" coveredmethods="4" conditionals="0" coveredconditionals="0" statements="8" coveredstatements="7" elements="13" coveredelements="11"/>
        </class>
        <line num="23" type="method" name="fetchDefaultParameters" visibility="protected" complexity="1" crap="1" count="4"/>
        <line num="26" type="stmt" count="4"/>
        <line num="31" type="method" name="factoryMap" visibility="public" complexity="1" crap="1" count="15"/>
        <line num="33" type="stmt" count="15"/>
        <line num="50" type="method" name="factoryEntityCollection" visibility="protected" complexity="1" crap="1" count="4"/>
        <line num="52" type="stmt" count="4"/>
        <line num="55" type="method" name="save" visibility="public" complexity="1" crap="1" count="1"/>
        <line num="57" type="stmt" count="1"/>
        <line num="63" type="method" name="findById" visibility="public" complexity="3" crap="3.14" count="1"/>
        <line num="65" type="stmt" count="1"/>
        <line num="67" type="stmt" count="1"/>
        <line num="68" type="stmt" count="0"/>
        <line num="71" type="stmt" count="1"/>
        <metrics loc="88" ncloc="64" classes="1" methods="5" coveredmethods="4" conditionals="0" coveredconditionals="0" statements="8" coveredstatements="7" elements="13" coveredelements="11"/>
      </file>
      <file name="/Users/gilmar.pupo/workspace/Gpupo/netshoes-sdk/src/Entity/AbstractMetadata.php">
        <class name="AbstractMetadata" namespace="Gpupo\NetshoesSdk\Entity">
          <metrics complexity="8" methods="2" coveredmethods="1" conditionals="0" coveredconditionals="0" statements="15" coveredstatements="14" elements="17" coveredelements="15"/>
        </class>
        <line num="24" type="method" name="cutMetadata" visibility="protected" complexity="4" crap="4.03" count="4"/>
        <line num="26" type="stmt" count="4"/>
        <line num="27" type="stmt" count="0"/>
        <line num="30" type="stmt" count="4"/>
        <line num="31" type="stmt" count="1"/>
        <line num="32" type="stmt" count="1"/>
        <line num="33" type="stmt" count="1"/>
        <line num="34" type="stmt" count="1"/>
        <line num="39" type="stmt" count="4"/>
        <line num="42" type="method" name="normalizeMetas" visibility="protected" complexity="4" crap="4" count="4"/>
        <line num="44" type="stmt" count="4"/>
        <line num="46" type="stmt" count="4"/>
        <line num="50" type="stmt" count="4"/>
        <line num="51" type="stmt" count="4"/>
        <line num="52" type="stmt" count="4"/>
        <line num="53" type="stmt" count="4"/>
        <line num="58" type="stmt" count="4"/>
        <metrics loc="60" ncloc="49" classes="1" methods="2" coveredmethods="1" conditionals="0" coveredconditionals="0" statements="15" coveredstatements="14" elements="17" coveredelements="15"/>
      </file>
    </package>
    <package name="Gpupo\NetshoesSdk\Entity\Order\Decorator">
      <file name="/Users/gilmar.pupo/workspace/Gpupo/netshoes-sdk/src/Entity/Order/Decorator/AbstractDecorator.php">
        <class name="AbstractDecorator" namespace="Gpupo\NetshoesSdk\Entity\Order\Decorator">
          <metrics complexity="9" methods="7" coveredmethods="6" conditionals="0" coveredconditionals="0" statements="21" coveredstatements="20" elements="28" coveredelements="26"/>
        </class>
        <line num="27" type="method" name="factoryArray" visibility="protected" complexity="1" crap="2" count="0"/>
        <line num="29" type="stmt" count="0"/>
        <line num="32" type="method" name="fail" visibility="protected" complexity="1" crap="1" count="5"/>
        <line num="34" type="stmt" count="5"/>
        <line num="35" type="stmt" count="5"/>
        <line num="36" type="stmt" count="5"/>
        <line num="39" type="stmt" count="5"/>
        <line num="42" type="method" name="invalid" visibility="protected" complexity="1" crap="1" count="5"/>
        <line num="44" type="stmt" count="5"/>
        <line num="46" type="stmt" count="5"/>
        <line num="49" type="method" name="setOrder" visibility="public" complexity="1" crap="1" count="10"/>
        <line num="51" type="stmt" count="10"/>
        <line num="52" type="stmt" count="10"/>
        <line num="54" type="stmt" count="10"/>
        <line num="57" type="method" name="getOrder" visibility="public" complexity="1" crap="1" count="5"/>
        <line num="59" type="stmt" count="5"/>
        <line num="62" type="method" name="validate" visibility="public" complexity="2" crap="2" count="14"/>
        <line num="64" type="stmt" count="14"/>
        <line num="66" type="stmt" count="14"/>
        <line num="67" type="stmt" count="4"/>
        <line num="70" type="stmt" count="10"/>
        <line num="72" type="stmt" count="10"/>
        <line num="75" type="method" name="toArray" visibility="public" complexity="2" crap="2" count="15"/>
        <line num="78" type="stmt" count="15"/>
        <line num="79" type="stmt" count="10"/>
        <line num="80" type="stmt" count="5"/>
        <line num="81" type="stmt" count="5"/>
        <line num="84" type="stmt" count="10"/>
        <metrics loc="86" ncloc="75" classes="1" methods="7" coveredmethods="6" conditionals="0" coveredconditionals="0" statements="21" coveredstatements="20" elements="28" coveredelements="26"/>
      </file>
    </package>
    <file name="/Users/gilmar.pupo/workspace/Gpupo/netshoes-sdk/src/Entity/Order/Decorator/DecoratorInterface.php">
      <metrics loc="24" ncloc="13" classes="0" methods="0" coveredmethods="0" conditionals="0" coveredconditionals="0" statements="0" coveredstatements="0" elements="0" coveredelements="0"/>
    </file>
    <package name="Gpupo\NetshoesSdk\Entity\Order\Decorator\Status">
      <file name="/Users/gilmar.pupo/workspace/Gpupo/netshoes-sdk/src/Entity/Order/Decorator/Status/Approved.php">
        <class name="Approved" namespace="Gpupo\NetshoesSdk\Entity\Order\Decorator\Status">
          <metrics complexity="1" methods="1" coveredmethods="1" conditionals="0" coveredconditionals="0" statements="1" coveredstatements="1" elements="2" coveredelements="2"/>
        </class>
        <line num="24" type="method" name="factoryArray" visibility="protected" complexity="1" crap="1" count="2"/>
        <line num="27" type="stmt" count="2"/>
        <metrics loc="30" ncloc="19" classes="1" methods="1" coveredmethods="1" conditionals="0" coveredconditionals="0" statements="1" coveredstatements="1" elements="2" coveredelements="2"/>
      </file>
      <file name="/Users/gilmar.pupo/workspace/Gpupo/netshoes-sdk/src/Entity/Order/Decorator/Status/Canceled.php">
        <class name="Canceled" namespace="Gpupo\NetshoesSdk\Entity\Order\Decorator\Status">
          <metrics complexity="3" methods="2" coveredmethods="2" conditionals="0" coveredconditionals="0" statements="7" coveredstatements="7" elements="9" coveredelements="9"/>
        </class>
        <line num="24" type="method" name="validate" visibility="public" complexity="2" crap="2" count="3"/>
        <line num="26" type="stmt" count="3"/>
        <line num="28" type="stmt" count="2"/>
        <line num="30" type="stmt" count="2"/>
        <line num="31" type="stmt" count="1"/>
        <line num="33" type="stmt" count="1"/>
        <line num="35" type="method" name="factoryArray" visibility="protected" complexity="1" crap="1" count="2"/>
        <line num="38" type="stmt" count="2"/>
        <line num="39" type="stmt" count="2"/>
        <metrics loc="42" ncloc="31" classes="1" methods="2" coveredmethods="2" conditionals="0" coveredconditionals="0" statements="7" coveredstatements="7" elements="9" coveredelements="9"/>
      </file>
      <file name="/Users/gilmar.pupo/workspace/Gpupo/netshoes-sdk/src/Entity/Order/Decorator/Status/Delivered.php">
        <class name="Delivered" namespace="Gpupo\NetshoesSdk\Entity\Order\Decorator\Status">
          <metrics complexity="1" methods="1" coveredmethods="1" conditionals="0" coveredconditionals="0" statements="5" coveredstatements="5" elements="6" coveredelements="6"/>
        </class>
        <line num="24" type="method" name="factoryArray" visibility="protected" complexity="1" crap="1" count="2"/>
        <line num="26" type="stmt" count="2"/>
        <line num="27" type="stmt" count="2"/>
        <line num="28" type="stmt" count="2"/>
        <line num="31" type="stmt" count="2"/>
        <line num="32" type="stmt" count="2"/>
        <metrics loc="35" ncloc="24" classes="1" methods="1" coveredmethods="1" conditionals="0" coveredconditionals="0" statements="5" coveredstatements="5" elements="6" coveredelements="6"/>
      </file>
      <file name="/Users/gilmar.pupo/workspace/Gpupo/netshoes-sdk/src/Entity/Order/Decorator/Status/Invoiced.php">
        <class name="Invoiced" namespace="Gpupo\NetshoesSdk\Entity\Order\Decorator\Status">
          <metrics complexity="1" methods="1" coveredmethods="1" conditionals="0" coveredconditionals="0" statements="7" coveredstatements="7" elements="8" coveredelements="8"/>
        </class>
        <line num="24" type="method" name="factoryArray" visibility="protected" complexity="1" crap="1" count="2"/>
        <line num="26" type="stmt" count="2"/>
        <line num="27" type="stmt" count="2"/>
        <line num="30" type="stmt" count="2"/>
        <line num="31" type="stmt" count="2"/>
        <line num="32" type="stmt" count="2"/>
        <line num="33" type="stmt" count="2"/>
        <line num="34" type="stmt" count="2"/>
        <metrics loc="37" ncloc="26" classes="1" methods="1" coveredmethods="1" conditionals="0" coveredconditionals="0" statements="7" coveredstatements="7" elements="8" coveredelements="8"/>
      </file>
      <file name="/Users/gilmar.pupo/workspace/Gpupo/netshoes-sdk/src/Entity/Order/Decorator/Status/Shipped.php">
        <class name="Shipped" namespace="Gpupo\NetshoesSdk\Entity\Order\Decorator\Status">
          <metrics complexity="1" methods="1" coveredmethods="1" conditionals="0" coveredconditionals="0" statements="7" coveredstatements="7" elements="8" coveredelements="8"/>
        </class>
        <line num="24" type="method" name="factoryArray" visibility="protected" complexity="1" crap="1" count="2"/>
        <line num="26" type="stmt" count="2"/>
        <line num="27" type="stmt" count="2"/>
        <line num="30" type="stmt" count="2"/>
        <line num="31" type="stmt" count="2"/>
        <line num="32" type="stmt" count="2"/>
        <line num="33" type="stmt" count="2"/>
        <line num="34" type="stmt" count="2"/>
        <metrics loc="38" ncloc="27" classes="1" methods="1" coveredmethods="1" conditionals="0" coveredconditionals="0" statements="7" coveredstatements="7" elements="8" coveredelements="8"/>
      </file>
    </package>
    <package name="Gpupo\NetshoesSdk\Entity\Order">
      <file name="/Users/gilmar.pupo/workspace/Gpupo/netshoes-sdk/src/Entity/Order/Manager.php">
        <class name="Manager" namespace="Gpupo\NetshoesSdk\Entity\Order">
          <metrics complexity="9" methods="4" coveredmethods="2" conditionals="0" coveredconditionals="0" statements="32" coveredstatements="25" elements="36" coveredelements="27"/>
        </class>
        <line num="38" type="method" name="factoryDecorator" visibility="public" complexity="1" crap="1" count="1"/>
        <line num="40" type="stmt" count="1"/>
        <line num="41" type="stmt" count="1"/>
        <line num="42" type="stmt" count="1"/>
        <line num="44" type="stmt" count="1"/>
        <line num="50" type="method" name="update" visibility="public" complexity="5" crap="5.34" count="7"/>
        <line num="52" type="stmt" count="7"/>
        <line num="53" type="stmt" count="0"/>
        <line num="54" type="stmt" count="0"/>
        <line num="56" type="stmt" count="0"/>
        <line num="60" type="stmt" count="7"/>
        <line num="61" type="stmt" count="0"/>
        <line num="62" type="stmt" count="0"/>
        <line num="67" type="stmt" count="7"/>
        <line num="68" type="stmt" count="7"/>
        <line num="69" type="stmt" count="6"/>
        <line num="70" type="stmt" count="6"/>
        <line num="71" type="stmt" count="6"/>
        <line num="72" type="stmt" count="6"/>
        <line num="73" type="stmt" count="6"/>
        <line num="74" type="stmt" count="6"/>
        <line num="75" type="stmt" count="5"/>
        <line num="76" type="stmt" count="5"/>
        <line num="77" type="stmt" count="5"/>
        <line num="78" type="stmt" count="5"/>
        <line num="81" type="stmt" count="5"/>
        <line num="84" type="stmt" count="1"/>
        <line num="87" type="method" name="factoryTranslator" visibility="public" complexity="1" crap="2" count="0"/>
        <line num="89" type="stmt" count="0"/>
        <line num="91" type="stmt" count="0"/>
        <line num="94" type="method" name="fetchQueue" visibility="public" complexity="1" crap="1" count="1"/>
        <line num="96" type="stmt" count="1"/>
        <line num="97" type="stmt" count="1"/>
        <line num="99" type="stmt" count="1"/>
        <line num="100" type="stmt" count="1"/>
        <line num="101" type="stmt" count="1"/>
        <metrics loc="104" ncloc="87" classes="1" methods="4" coveredmethods="2" conditionals="0" coveredconditionals="0" statements="32" coveredstatements="25" elements="36" coveredelements="27"/>
      </file>
      <file name="/Users/gilmar.pupo/workspace/Gpupo/netshoes-sdk/src/Entity/Order/Order.php">
        <class name="Order" namespace="Gpupo\NetshoesSdk\Entity\Order">
          <metrics complexity="11" methods="8" coveredmethods="8" conditionals="0" coveredconditionals="0" statements="18" coveredstatements="18" elements="26" coveredelements="26"/>
        </class>
        <line num="88" type="method" name="setUp" visibility="protected" complexity="1" crap="1" count="4"/>
        <line num="90" type="stmt" count="4"/>
        <line num="91" type="stmt" count="4"/>
        <line num="93" type="method" name="toLog" visibility="public" complexity="1" crap="1" count="1"/>
        <line num="95" type="stmt" count="1"/>
        <line num="96" type="stmt" count="1"/>
        <line num="109" type="method" name="getShipping" visibility="public" complexity="2" crap="2" count="8"/>
        <line num="111" type="stmt" count="8"/>
        <line num="113" type="stmt" count="8"/>
        <line num="114" type="stmt" count="1"/>
        <line num="117" type="stmt" count="7"/>
        <line num="120" type="method" name="getOrderStatus" visibility="public" complexity="1" crap="1" count="5"/>
        <line num="122" type="stmt" count="5"/>
        <line num="124" type="stmt" count="5"/>
        <line num="127" type="method" name="getInvoice" visibility="public" complexity="1" crap="1" count="3"/>
        <line num="129" type="stmt" count="3"/>
        <line num="132" type="method" name="getItems" visibility="public" complexity="1" crap="1" count="4"/>
        <line num="134" type="stmt" count="4"/>
        <line num="137" type="method" name="check" visibility="public" complexity="1" crap="1" count="1"/>
        <line num="139" type="stmt" count="1"/>
        <line num="141" type="stmt" count="1"/>
        <line num="144" type="method" name="getOrderDate" visibility="public" complexity="2" crap="2" count="5"/>
        <line num="146" type="stmt" count="5"/>
        <line num="148" type="stmt" count="5"/>
        <line num="149" type="stmt" count="3"/>
        <line num="152" type="stmt" count="3"/>
        <metrics loc="154" ncloc="104" classes="1" methods="8" coveredmethods="8" conditionals="0" coveredconditionals="0" statements="18" coveredstatements="18" elements="26" coveredelements="26"/>
      </file>
      <file name="/Users/gilmar.pupo/workspace/Gpupo/netshoes-sdk/src/Entity/Order/OrderCollection.php">
        <class name="OrderCollection" namespace="Gpupo\NetshoesSdk\Entity\Order">
          <metrics complexity="2" methods="1" coveredmethods="1" conditionals="0" coveredconditionals="0" statements="1" coveredstatements="1" elements="2" coveredelements="2"/>
        </class>
        <line num="30" type="method" name="factoryEntity" visibility="protected" complexity="1" crap="1" count="2"/>
        <line num="32" type="stmt" count="2"/>
        <metrics loc="34" ncloc="20" classes="1" methods="1" coveredmethods="1" conditionals="0" coveredconditionals="0" statements="1" coveredstatements="1" elements="2" coveredelements="2"/>
      </file>
      <file name="/Users/gilmar.pupo/workspace/Gpupo/netshoes-sdk/src/Entity/Order/Translator.php">
        <class name="Translator" namespace="Gpupo\NetshoesSdk\Entity\Order">
          <metrics complexity="3" methods="2" coveredmethods="1" conditionals="0" coveredconditionals="0" statements="8" coveredstatements="7" elements="10" coveredelements="8"/>
        </class>
        <line num="25" type="method" name="translateTo" visibility="public" complexity="2" crap="2.03" count="5"/>
        <line num="27" type="stmt" count="5"/>
        <line num="29" type="stmt" count="5"/>
        <line num="30" type="stmt" count="0"/>
        <line num="33" type="stmt" count="5"/>
        <line num="35" type="stmt" count="5"/>
        <line num="41" type="method" name="translateFrom" visibility="public" complexity="1" crap="1" count="2"/>
        <line num="43" type="stmt" count="2"/>
        <line num="45" type="stmt" count="2"/>
        <line num="47" type="stmt" count="2"/>
        <metrics loc="49" ncloc="32" classes="1" methods="2" coveredmethods="1" conditionals="0" coveredconditionals="0" statements="8" coveredstatements="7" elements="10" coveredelements="8"/>
      </file>
    </package>
    <package name="Gpupo\NetshoesSdk\Entity\Order\Shippings\Customer">
      <file name="/Users/gilmar.pupo/workspace/Gpupo/netshoes-sdk/src/Entity/Order/Shippings/Customer/Address.php">
        <class name="Address" namespace="Gpupo\NetshoesSdk\Entity\Order\Shippings\Customer">
          <metrics complexity="2" methods="1" coveredmethods="1" conditionals="0" coveredconditionals="0" statements="9" coveredstatements="9" elements="10" coveredelements="10"/>
        </class>
        <line num="62" type="method" name="toSchema" visibility="public" complexity="1" crap="1" count="3"/>
        <line num="65" type="stmt" count="3"/>
        <line num="66" type="stmt" count="3"/>
        <line num="67" type="stmt" count="3"/>
        <line num="68" type="stmt" count="3"/>
        <line num="69" type="stmt" count="3"/>
        <line num="70" type="stmt" count="3"/>
        <line num="71" type="stmt" count="3"/>
        <line num="72" type="stmt" count="3"/>
        <line num="73" type="stmt" count="3"/>
        <metrics loc="76" ncloc="39" classes="1" methods="1" coveredmethods="1" conditionals="0" coveredconditionals="0" statements="9" coveredstatements="9" elements="10" coveredelements="10"/>
      </file>
      <file name="/Users/gilmar.pupo/workspace/Gpupo/netshoes-sdk/src/Entity/Order/Shippings/Customer/Customer.php">
        <class name="Customer" namespace="Gpupo\NetshoesSdk\Entity\Order\Shippings\Customer">
          <metrics complexity="2" methods="1" coveredmethods="1" conditionals="0" coveredconditionals="0" statements="7" coveredstatements="7" elements="8" coveredelements="8"/>
        </class>
        <line num="64" type="method" name="toSchema" visibility="public" complexity="1" crap="1" count="3"/>
        <line num="67" type="stmt" count="3"/>
        <line num="68" type="stmt" count="3"/>
        <line num="69" type="stmt" count="3"/>
        <line num="70" type="stmt" count="3"/>
        <line num="71" type="stmt" count="3"/>
        <line num="72" type="stmt" count="3"/>
        <line num="73" type="stmt" count="3"/>
        <metrics loc="76" ncloc="39" classes="1" methods="1" coveredmethods="1" conditionals="0" coveredconditionals="0" statements="7" coveredstatements="7" elements="8" coveredelements="8"/>
      </file>
    </package>
    <package name="Gpupo\NetshoesSdk\Entity\Order\Shippings">
      <file name="/Users/gilmar.pupo/workspace/Gpupo/netshoes-sdk/src/Entity/Order/Shippings/DevolutionItems.php">
        <class name="DevolutionItems" namespace="Gpupo\NetshoesSdk\Entity\Order\Shippings">
          <metrics complexity="0" methods="0" coveredmethods="0" conditionals="0" coveredconditionals="0" statements="0" coveredstatements="0" elements="0" coveredelements="0"/>
        </class>
        <metrics loc="19" ncloc="8" classes="1" methods="0" coveredmethods="0" conditionals="0" coveredconditionals="0" statements="0" coveredstatements="0" elements="0" coveredelements="0"/>
      </file>
      <file name="/Users/gilmar.pupo/workspace/Gpupo/netshoes-sdk/src/Entity/Order/Shippings/Invoice.php">
        <class name="Invoice" namespace="Gpupo\NetshoesSdk\Entity\Order\Shippings">
          <metrics complexity="2" methods="1" coveredmethods="1" conditionals="0" coveredconditionals="0" statements="3" coveredstatements="3" elements="4" coveredelements="4"/>
        </class>
        <line num="53" type="method" name="check" visibility="public" complexity="1" crap="1" count="4"/>
        <line num="55" type="stmt" count="4"/>
        <line num="56" type="stmt" count="4"/>
        <line num="58" type="stmt" count="4"/>
        <metrics loc="60" ncloc="32" classes="1" methods="1" coveredmethods="1" conditionals="0" coveredconditionals="0" statements="3" coveredstatements="3" elements="4" coveredelements="4"/>
      </file>
      <file name="/Users/gilmar.pupo/workspace/Gpupo/netshoes-sdk/src/Entity/Order/Shippings/Sender.php">
        <class name="Sender" namespace="Gpupo\NetshoesSdk\Entity\Order\Shippings">
          <metrics complexity="1" methods="0" coveredmethods="0" conditionals="0" coveredconditionals="0" statements="0" coveredstatements="0" elements="0" coveredelements="0"/>
        </class>
        <metrics loc="36" ncloc="22" classes="1" methods="0" coveredmethods="0" conditionals="0" coveredconditionals="0" statements="0" coveredstatements="0" elements="0" coveredelements="0"/>
      </file>
      <file name="/Users/gilmar.pupo/workspace/Gpupo/netshoes-sdk/src/Entity/Order/Shippings/Shipping.php">
        <class name="Shipping" namespace="Gpupo\NetshoesSdk\Entity\Order\Shippings">
          <metrics complexity="3" methods="2" coveredmethods="2" conditionals="0" coveredconditionals="0" statements="5" coveredstatements="5" elements="7" coveredelements="7"/>
        </class>
        <line num="68" type="method" name="toArray" visibility="public" complexity="1" crap="1" count="2"/>
        <line num="70" type="stmt" count="2"/>
        <line num="71" type="stmt" count="2"/>
        <line num="73" type="stmt" count="2"/>
        <line num="76" type="method" name="toLog" visibility="public" complexity="1" crap="1" count="1"/>
        <line num="78" type="stmt" count="1"/>
        <line num="79" type="stmt" count="1"/>
        <metrics loc="84" ncloc="46" classes="1" methods="2" coveredmethods="2" conditionals="0" coveredconditionals="0" statements="5" coveredstatements="5" elements="7" coveredelements="7"/>
      </file>
      <file name="/Users/gilmar.pupo/workspace/Gpupo/netshoes-sdk/src/Entity/Order/Shippings/Shippings.php">
        <class name="Shippings" namespace="Gpupo\NetshoesSdk\Entity\Order\Shippings">
          <metrics complexity="1" methods="1" coveredmethods="1" conditionals="0" coveredconditionals="0" statements="1" coveredstatements="1" elements="2" coveredelements="2"/>
        </class>
        <line num="21" type="method" name="factoryElement" visibility="public" complexity="1" crap="1" count="4"/>
        <line num="23" type="stmt" count="4"/>
        <metrics loc="25" ncloc="14" classes="1" methods="1" coveredmethods="1" conditionals="0" coveredconditionals="0" statements="1" coveredstatements="1" elements="2" coveredelements="2"/>
      </file>
      <file name="/Users/gilmar.pupo/workspace/Gpupo/netshoes-sdk/src/Entity/Order/Shippings/Transport.php">
        <class name="Transport" namespace="Gpupo\NetshoesSdk\Entity\Order\Shippings">
          <metrics complexity="3" methods="1" coveredmethods="0" conditionals="0" coveredconditionals="0" statements="5" coveredstatements="4" elements="6" coveredelements="4"/>
        </class>
        <line num="55" type="method" name="check" visibility="public" complexity="2" crap="2.03" count="1"/>
        <line num="57" type="stmt" count="1"/>
        <line num="59" type="stmt" count="1"/>
        <line num="60" type="stmt" count="0"/>
        <line num="63" type="stmt" count="1"/>
        <line num="65" type="stmt" count="1"/>
        <metrics loc="67" ncloc="37" classes="1" methods="1" coveredmethods="0" conditionals="0" coveredconditionals="0" statements="5" coveredstatements="4" elements="6" coveredelements="4"/>
      </file>
    </package>
    <package name="Gpupo\NetshoesSdk\Entity\Order\Shippings\Items">
      <file name="/Users/gilmar.pupo/workspace/Gpupo/netshoes-sdk/src/Entity/Order/Shippings/Items/Item.php">
        <class name="Item" namespace="Gpupo\NetshoesSdk\Entity\Order\Shippings\Items">
          <metrics complexity="3" methods="2" coveredmethods="2" conditionals="0" coveredconditionals="0" statements="12" coveredstatements="12" elements="14" coveredelements="14"/>
        </class>
        <line num="110" type="method" name="toLog" visibility="public" complexity="1" crap="1" count="1"/>
        <line num="112" type="stmt" count="1"/>
        <line num="113" type="stmt" count="1"/>
        <line num="125" type="method" name="toSchema" visibility="public" complexity="1" crap="1" count="3"/>
        <line num="129" type="stmt" count="3"/>
        <line num="130" type="stmt" count="3"/>
        <line num="131" type="stmt" count="3"/>
        <line num="132" type="stmt" count="3"/>
        <line num="134" type="stmt" count="3"/>
        <line num="135" type="stmt" count="3"/>
        <line num="136" type="stmt" count="3"/>
        <line num="137" type="stmt" count="3"/>
        <line num="138" type="stmt" count="3"/>
        <line num="141" type="stmt" count="3"/>
        <metrics loc="143" ncloc="72" classes="1" methods="2" coveredmethods="2" conditionals="0" coveredconditionals="0" statements="12" coveredstatements="12" elements="14" coveredelements="14"/>
      </file>
      <file name="/Users/gilmar.pupo/workspace/Gpupo/netshoes-sdk/src/Entity/Order/Shippings/Items/Items.php">
        <class name="Items" namespace="Gpupo\NetshoesSdk\Entity\Order\Shippings\Items">
          <metrics complexity="5" methods="4" coveredmethods="4" conditionals="0" coveredconditionals="0" statements="7" coveredstatements="7" elements="11" coveredelements="11"/>
        </class>
        <line num="21" type="method" name="factoryElement" visibility="public" complexity="1" crap="1" count="4"/>
        <line num="23" type="stmt" count="4"/>
        <line num="26" type="method" name="to" visibility="private" complexity="2" crap="2" count="3"/>
        <line num="28" type="stmt" count="3"/>
        <line num="29" type="stmt" count="3"/>
        <line num="30" type="stmt" count="3"/>
        <line num="33" type="stmt" count="3"/>
        <line num="36" type="method" name="toLog" visibility="public" complexity="1" crap="1" count="1"/>
        <line num="38" type="stmt" count="1"/>
        <line num="41" type="method" name="toSchema" visibility="public" complexity="1" crap="1" count="3"/>
        <line num="43" type="stmt" count="3"/>
        <metrics loc="45" ncloc="34" classes="1" methods="4" coveredmethods="4" conditionals="0" coveredconditionals="0" statements="7" coveredstatements="7" elements="11" coveredelements="11"/>
      </file>
    </package>
    <file name="/Users/gilmar.pupo/workspace/Gpupo/netshoes-sdk/src/Entity/Order/map.config.php">
      <line num="17" type="stmt" count="2"/>
      <line num="18" type="stmt" count="2"/>
      <line num="20" type="stmt" count="2"/>
      <line num="26" type="stmt" count="2"/>
      <line num="36" type="stmt" count="2"/>
      <line num="37" type="stmt" count="2"/>
      <line num="38" type="stmt" count="2"/>
      <line num="39" type="stmt" count="2"/>
      <line num="40" type="stmt" count="2"/>
      <metrics loc="41" ncloc="30" classes="0" methods="0" coveredmethods="0" conditionals="0" coveredconditionals="0" statements="9" coveredstatements="9" elements="9" coveredelements="9"/>
    </file>
    <file name="/Users/gilmar.pupo/workspace/Gpupo/netshoes-sdk/src/Entity/Order/translateFrom.map.php">
      <line num="15" type="stmt" count="2"/>
      <line num="17" type="stmt" count="2"/>
      <line num="18" type="stmt" count="2"/>
      <line num="19" type="stmt" count="2"/>
      <line num="20" type="stmt" count="2"/>
      <line num="21" type="stmt" count="2"/>
      <line num="22" type="stmt" count="2"/>
      <line num="23" type="stmt" count="2"/>
      <line num="24" type="stmt" count="2"/>
      <line num="25" type="stmt" count="2"/>
      <line num="26" type="stmt" count="2"/>
      <line num="27" type="stmt" count="2"/>
      <line num="28" type="stmt" count="2"/>
      <line num="29" type="stmt" count="2"/>
      <line num="30" type="stmt" count="2"/>
      <line num="31" type="stmt" count="2"/>
      <line num="32" type="stmt" count="2"/>
      <line num="33" type="stmt" count="2"/>
      <line num="34" type="stmt" count="2"/>
      <line num="35" type="stmt" count="2"/>
      <line num="36" type="stmt" count="2"/>
      <line num="37" type="stmt" count="2"/>
      <line num="42" type="stmt" count="2"/>
      <line num="43" type="stmt" count="2"/>
      <line num="44" type="stmt" count="2"/>
      <line num="45" type="stmt" count="2"/>
      <line num="46" type="stmt" count="2"/>
      <line num="47" type="stmt" count="2"/>
      <line num="48" type="stmt" count="2"/>
      <line num="51" type="stmt" count="2"/>
      <line num="52" type="stmt" count="2"/>
      <line num="53" type="stmt" count="2"/>
      <line num="54" type="stmt" count="2"/>
      <line num="75" type="stmt" count="2"/>
      <line num="76" type="stmt" count="2"/>
      <line num="77" type="stmt" count="2"/>
      <metrics loc="80" ncloc="69" classes="0" methods="0" coveredmethods="0" conditionals="0" coveredconditionals="0" statements="36" coveredstatements="36" elements="36" coveredelements="36"/>
    </file>
    <file name="/Users/gilmar.pupo/workspace/Gpupo/netshoes-sdk/src/Entity/Order/translateTo.map.php">
      <line num="17" type="stmt" count="3"/>
      <line num="18" type="stmt" count="3"/>
      <line num="19" type="stmt" count="3"/>
      <line num="21" type="stmt" count="3"/>
      <line num="22" type="stmt" count="3"/>
      <line num="23" type="stmt" count="3"/>
      <line num="24" type="stmt" count="3"/>
      <line num="25" type="stmt" count="3"/>
      <line num="26" type="stmt" count="3"/>
      <line num="27" type="stmt" count="3"/>
      <line num="28" type="stmt" count="3"/>
      <line num="29" type="stmt" count="3"/>
      <line num="30" type="stmt" count="3"/>
      <line num="31" type="stmt" count="3"/>
      <line num="32" type="stmt" count="3"/>
      <metrics loc="33" ncloc="22" classes="0" methods="0" coveredmethods="0" conditionals="0" coveredconditionals="0" statements="15" coveredstatements="15" elements="15" coveredelements="15"/>
    </file>
    <package name="Gpupo\NetshoesSdk\Entity\Product\Attributes">
      <file name="/Users/gilmar.pupo/workspace/Gpupo/netshoes-sdk/src/Entity/Product/Attributes/Attribute.php">
        <class name="Attribute" namespace="Gpupo\NetshoesSdk\Entity\Product\Attributes">
          <metrics complexity="1" methods="0" coveredmethods="0" conditionals="0" coveredconditionals="0" statements="0" coveredstatements="0" elements="0" coveredelements="0"/>
        </class>
        <metrics loc="38" ncloc="18" classes="1" methods="0" coveredmethods="0" conditionals="0" coveredconditionals="0" statements="0" coveredstatements="0" elements="0" coveredelements="0"/>
      </file>
      <file name="/Users/gilmar.pupo/workspace/Gpupo/netshoes-sdk/src/Entity/Product/Attributes/Attributes.php">
        <class name="Attributes" namespace="Gpupo\NetshoesSdk\Entity\Product\Attributes">
          <metrics complexity="1" methods="1" coveredmethods="1" conditionals="0" coveredconditionals="0" statements="1" coveredstatements="1" elements="2" coveredelements="2"/>
        </class>
        <line num="21" type="method" name="factoryElement" visibility="public" complexity="1" crap="1" count="1"/>
        <line num="23" type="stmt" count="1"/>
        <metrics loc="25" ncloc="14" classes="1" methods="1" coveredmethods="1" conditionals="0" coveredconditionals="0" statements="1" coveredstatements="1" elements="2" coveredelements="2"/>
      </file>
    </package>
    <package name="Gpupo\NetshoesSdk\Entity\Product">
      <file name="/Users/gilmar.pupo/workspace/Gpupo/netshoes-sdk/src/Entity/Product/Manager.php">
        <class name="Manager" namespace="Gpupo\NetshoesSdk\Entity\Product">
          <metrics complexity="12" methods="6" coveredmethods="2" conditionals="0" coveredconditionals="0" statements="31" coveredstatements="17" elements="37" coveredelements="19"/>
        </class>
        <line num="43" type="method" name="patch" visibility="public" complexity="2" crap="6" count="0"/>
        <line num="45" type="stmt" count="0"/>
        <line num="46" type="stmt" count="0"/>
        <line num="49" type="stmt" count="0"/>
        <line num="50" type="stmt" count="0"/>
        <line num="51" type="stmt" count="0"/>
        <line num="54" type="stmt" count="0"/>
        <line num="55" type="stmt" count="0"/>
        <line num="58" type="stmt" count="0"/>
        <line num="60" type="stmt" count="0"/>
        <line num="63" type="method" name="skuManager" visibility="private" complexity="1" crap="2" count="0"/>
        <line num="65" type="stmt" count="0"/>
        <line num="71" type="method" name="update" visibility="public" complexity="5" crap="5.09" count="2"/>
        <line num="73" type="stmt" count="2"/>
        <line num="74" type="stmt" count="1"/>
        <line num="77" type="stmt" count="1"/>
        <line num="79" type="stmt" count="1"/>
        <line num="80" type="stmt" count="0"/>
        <line num="81" type="stmt" count="0"/>
        <line num="84" type="stmt" count="1"/>
        <line num="86" type="stmt" count="1"/>
        <line num="87" type="stmt" count="1"/>
        <line num="89" type="stmt" count="1"/>
        <line num="90" type="stmt" count="1"/>
        <line num="93" type="stmt" count="1"/>
        <line num="96" type="stmt" count="1"/>
        <line num="99" type="method" name="factoryTranslator" visibility="public" complexity="1" crap="2" count="0"/>
        <line num="101" type="stmt" count="0"/>
        <line num="103" type="stmt" count="0"/>
        <line num="106" type="method" name="findById" visibility="public" complexity="2" crap="2" count="2"/>
        <line num="108" type="stmt" count="2"/>
        <line num="110" type="stmt" count="2"/>
        <line num="111" type="stmt" count="1"/>
        <line num="114" type="stmt" count="1"/>
        <line num="115" type="method" name="anonymous function" complexity="1" crap="1" count="1"/>
        <line num="116" type="stmt" count="1"/>
        <line num="117" type="stmt" count="1"/>
        <line num="119" type="stmt" count="1"/>
        <metrics loc="121" ncloc="104" classes="1" methods="6" coveredmethods="2" conditionals="0" coveredconditionals="0" statements="32" coveredstatements="18" elements="38" coveredelements="20"/>
      </file>
      <file name="/Users/gilmar.pupo/workspace/Gpupo/netshoes-sdk/src/Entity/Product/Product.php">
        <class name="Product" namespace="Gpupo\NetshoesSdk\Entity\Product">
          <metrics complexity="2" methods="1" coveredmethods="0" conditionals="0" coveredconditionals="0" statements="2" coveredstatements="0" elements="3" coveredelements="0"/>
        </class>
        <line num="55" type="method" name="toPatch" visibility="public" complexity="1" crap="2" count="0"/>
        <line num="57" type="stmt" count="0"/>
        <line num="59" type="stmt" count="0"/>
        <metrics loc="61" ncloc="31" classes="1" methods="1" coveredmethods="0" conditionals="0" coveredconditionals="0" statements="2" coveredstatements="0" elements="3" coveredelements="0"/>
      </file>
      <file name="/Users/gilmar.pupo/workspace/Gpupo/netshoes-sdk/src/Entity/Product/ProductCollection.php">
        <class name="ProductCollection" namespace="Gpupo\NetshoesSdk\Entity\Product">
          <metrics complexity="2" methods="1" coveredmethods="1" conditionals="0" coveredconditionals="0" statements="1" coveredstatements="1" elements="2" coveredelements="2"/>
        </class>
        <line num="30" type="method" name="factoryEntity" visibility="protected" complexity="1" crap="1" count="2"/>
        <line num="32" type="stmt" count="2"/>
        <metrics loc="34" ncloc="20" classes="1" methods="1" coveredmethods="1" conditionals="0" coveredconditionals="0" statements="1" coveredstatements="1" elements="2" coveredelements="2"/>
      </file>
      <file name="/Users/gilmar.pupo/workspace/Gpupo/netshoes-sdk/src/Entity/Product/Skus.php">
        <class name="Skus" namespace="Gpupo\NetshoesSdk\Entity\Product">
          <metrics complexity="1" methods="1" coveredmethods="1" conditionals="0" coveredconditionals="0" statements="1" coveredstatements="1" elements="2" coveredelements="2"/>
        </class>
        <line num="24" type="method" name="factoryElement" visibility="public" complexity="1" crap="1" count="56"/>
        <line num="26" type="stmt" count="56"/>
        <metrics loc="28" ncloc="17" classes="1" methods="1" coveredmethods="1" conditionals="0" coveredconditionals="0" statements="1" coveredstatements="1" elements="2" coveredelements="2"/>
      </file>
      <file name="/Users/gilmar.pupo/workspace/Gpupo/netshoes-sdk/src/Entity/Product/Translator.php">
        <class name="Translator" namespace="Gpupo\NetshoesSdk\Entity\Product">
          <metrics complexity="3" methods="2" coveredmethods="1" conditionals="0" coveredconditionals="0" statements="8" coveredstatements="7" elements="10" coveredelements="8"/>
        </class>
        <line num="25" type="method" name="translateTo" visibility="public" complexity="2" crap="2.03" count="54"/>
        <line num="27" type="stmt" count="54"/>
        <line num="28" type="stmt" count="54"/>
        <line num="29" type="stmt" count="0"/>
        <line num="32" type="stmt" count="54"/>
        <line num="34" type="stmt" count="54"/>
        <line num="40" type="method" name="translateFrom" visibility="public" complexity="1" crap="1" count="52"/>
        <line num="42" type="stmt" count="52"/>
        <line num="44" type="stmt" count="52"/>
        <line num="46" type="stmt" count="52"/>
        <metrics loc="48" ncloc="31" classes="1" methods="2" coveredmethods="1" conditionals="0" coveredconditionals="0" statements="8" coveredstatements="7" elements="10" coveredelements="8"/>
      </file>
    </package>
    <package name="Gpupo\NetshoesSdk\Entity\Product\Sku">
      <file name="/Users/gilmar.pupo/workspace/Gpupo/netshoes-sdk/src/Entity/Product/Sku/Image.php">
        <class name="Image" namespace="Gpupo\NetshoesSdk\Entity\Product\Sku">
          <metrics complexity="1" methods="0" coveredmethods="0" conditionals="0" coveredconditionals="0" statements="0" coveredstatements="0" elements="0" coveredelements="0"/>
        </class>
        <metrics loc="35" ncloc="17" classes="1" methods="0" coveredmethods="0" conditionals="0" coveredconditionals="0" statements="0" coveredstatements="0" elements="0" coveredelements="0"/>
      </file>
      <file name="/Users/gilmar.pupo/workspace/Gpupo/netshoes-sdk/src/Entity/Product/Sku/Images.php">
        <class name="Images" namespace="Gpupo\NetshoesSdk\Entity\Product\Sku">
          <metrics complexity="1" methods="1" coveredmethods="1" conditionals="0" coveredconditionals="0" statements="1" coveredstatements="1" elements="2" coveredelements="2"/>
        </class>
        <line num="21" type="method" name="factoryElement" visibility="public" complexity="1" crap="1" count="1"/>
        <line num="23" type="stmt" count="1"/>
        <metrics loc="25" ncloc="14" classes="1" methods="1" coveredmethods="1" conditionals="0" coveredconditionals="0" statements="1" coveredstatements="1" elements="2" coveredelements="2"/>
      </file>
      <file name="/Users/gilmar.pupo/workspace/Gpupo/netshoes-sdk/src/Entity/Product/Sku/Item.php">
        <class name="Item" namespace="Gpupo\NetshoesSdk\Entity\Product\Sku">
          <metrics complexity="15" methods="7" coveredmethods="7" conditionals="0" coveredconditionals="0" statements="24" coveredstatements="24" elements="31" coveredelements="31"/>
        </class>
        <line num="55" type="method" name="setUp" visibility="protected" complexity="1" crap="1" count="58"/>
        <line num="57" type="stmt" count="58"/>
        <line num="58" type="stmt" count="58"/>
        <line num="63" type="method" name="beforeConstruct" visibility="protected" complexity="7" crap="7" count="62"/>
        <line num="65" type="stmt" count="62"/>
        <line num="66" type="stmt" count="1"/>
        <line num="69" type="stmt" count="61"/>
        <line num="70" type="stmt" count="61"/>
        <line num="71" type="stmt" count="56"/>
        <line num="74" type="stmt" count="61"/>
        <line num="75" type="stmt" count="56"/>
        <line num="76" type="stmt" count="56"/>
        <line num="79" type="stmt" count="61"/>
        <line num="80" type="stmt" count="56"/>
        <line num="81" type="stmt" count="56"/>
        <line num="84" type="stmt" count="61"/>
        <line num="85" type="stmt" count="56"/>
        <line num="89" type="stmt" count="61"/>
        <line num="95" type="method" name="toArray" visibility="public" complexity="2" crap="2" count="5"/>
        <line num="97" type="stmt" count="5"/>
        <line num="99" type="stmt" count="5"/>
        <line num="100" type="stmt" count="5"/>
        <line num="103" type="stmt" count="5"/>
        <line num="106" type="method" name="toPrice" visibility="protected" complexity="1" crap="1" count="1"/>
        <line num="108" type="stmt" count="1"/>
        <line num="111" type="method" name="toPriceSchedule" visibility="protected" complexity="1" crap="1" count="1"/>
        <line num="113" type="stmt" count="1"/>
        <line num="116" type="method" name="toStatus" visibility="protected" complexity="1" crap="1" count="1"/>
        <line num="118" type="stmt" count="1"/>
        <line num="121" type="method" name="toStock" visibility="protected" complexity="1" crap="1" count="1"/>
        <line num="123" type="stmt" count="1"/>
        <metrics loc="125" ncloc="102" classes="1" methods="7" coveredmethods="7" conditionals="0" coveredconditionals="0" statements="24" coveredstatements="24" elements="31" coveredelements="31"/>
      </file>
      <file name="/Users/gilmar.pupo/workspace/Gpupo/netshoes-sdk/src/Entity/Product/Sku/Manager.php">
        <class name="Manager" namespace="Gpupo\NetshoesSdk\Entity\Product\Sku">
          <metrics complexity="26" methods="9" coveredmethods="5" conditionals="0" coveredconditionals="0" statements="68" coveredstatements="39" elements="77" coveredelements="44"/>
        </class>
        <line num="41" type="method" name="findById" visibility="public" complexity="2" crap="2" count="1"/>
        <line num="43" type="stmt" count="1"/>
        <line num="44" type="stmt" count="1"/>
        <line num="45" type="stmt" count="1"/>
        <line num="48" type="stmt" count="1"/>
        <line num="50" type="stmt" count="1"/>
        <line num="54" type="stmt" count="1"/>
        <line num="56" type="stmt" count="1"/>
        <line num="59" type="method" name="getDetail" visibility="protected" complexity="1" crap="2" count="0"/>
        <line num="61" type="stmt" count="0"/>
        <line num="62" type="stmt" count="0"/>
        <line num="63" type="stmt" count="0"/>
        <line num="65" type="stmt" count="0"/>
        <line num="67" type="stmt" count="0"/>
        <line num="68" type="stmt" count="0"/>
        <line num="69" type="stmt" count="0"/>
        <line num="70" type="stmt" count="0"/>
        <line num="71" type="stmt" count="0"/>
        <line num="72" type="stmt" count="0"/>
        <line num="75" type="stmt" count="0"/>
        <line num="78" type="method" name="getPriceScheduleCollection" visibility="protected" complexity="3" crap="12" count="0"/>
        <line num="81" type="stmt" count="0"/>
        <line num="82" type="stmt" count="0"/>
        <line num="84" type="stmt" count="0"/>
        <line num="85" type="stmt" count="0"/>
        <line num="87" type="stmt" count="0"/>
        <line num="88" type="stmt" count="0"/>
        <line num="90" type="stmt" count="0"/>
        <line num="93" type="stmt" count="0"/>
        <line num="95" type="stmt" count="0"/>
        <line num="105" type="method" name="saveDetail" visibility="public" complexity="1" crap="1" count="1"/>
        <line num="107" type="stmt" count="1"/>
        <line num="108" type="stmt" count="1"/>
        <line num="110" type="stmt" count="1"/>
        <line num="113" type="method" name="hydratePriceSchedule" visibility="protected" complexity="2" crap="6" count="0"/>
        <line num="115" type="stmt" count="0"/>
        <line num="117" type="stmt" count="0"/>
        <line num="118" type="stmt" count="0"/>
        <line num="119" type="stmt" count="0"/>
        <line num="122" type="stmt" count="0"/>
        <line num="125" type="method" name="hydrate" visibility="public" complexity="1" crap="2" count="0"/>
        <line num="127" type="stmt" count="0"/>
        <line num="128" type="stmt" count="0"/>
        <line num="129" type="stmt" count="0"/>
        <line num="131" type="stmt" count="0"/>
        <line num="149" type="method" name="update" visibility="public" complexity="4" crap="4" count="1"/>
        <line num="151" type="stmt" count="1"/>
        <line num="153" type="stmt" count="1"/>
        <line num="158" type="stmt" count="1"/>
        <line num="165" type="stmt" count="1"/>
        <line num="168" type="stmt" count="1"/>
        <line num="172" type="stmt" count="1"/>
        <line num="173" type="stmt" count="1"/>
        <line num="176" type="stmt" count="1"/>
        <line num="178" type="stmt" count="1"/>
        <line num="181" type="method" name="updateInfo" visibility="public" complexity="2" crap="2" count="2"/>
        <line num="183" type="stmt" count="2"/>
        <line num="187" type="stmt" count="2"/>
        <line num="188" type="stmt" count="1"/>
        <line num="190" type="stmt" count="1"/>
        <line num="193" type="stmt" count="1"/>
        <line num="194" type="stmt" count="1"/>
        <line num="195" type="stmt" count="1"/>
        <line num="196" type="stmt" count="1"/>
        <line num="198" type="stmt" count="1"/>
        <line num="201" type="method" name="updateDetails" visibility="public" complexity="5" crap="5" count="2"/>
        <line num="204" type="stmt" count="2"/>
        <line num="209" type="stmt" count="2"/>
        <line num="213" type="stmt" count="2"/>
        <line num="214" type="stmt" count="2"/>
        <line num="216" type="stmt" count="2"/>
        <line num="217" type="stmt" count="2"/>
        <line num="218" type="stmt" count="1"/>
        <line num="219" type="stmt" count="1"/>
        <line num="223" type="stmt" count="1"/>
        <line num="224" type="stmt" count="1"/>
        <line num="227" type="stmt" count="2"/>
        <metrics loc="229" ncloc="209" classes="1" methods="9" coveredmethods="5" conditionals="0" coveredconditionals="0" statements="68" coveredstatements="39" elements="77" coveredelements="44"/>
      </file>
      <file name="/Users/gilmar.pupo/workspace/Gpupo/netshoes-sdk/src/Entity/Product/Sku/Price.php">
        <class name="Price" namespace="Gpupo\NetshoesSdk\Entity\Product\Sku">
          <metrics complexity="1" methods="0" coveredmethods="0" conditionals="0" coveredconditionals="0" statements="0" coveredstatements="0" elements="0" coveredelements="0"/>
        </class>
        <metrics loc="35" ncloc="17" classes="1" methods="0" coveredmethods="0" conditionals="0" coveredconditionals="0" statements="0" coveredstatements="0" elements="0" coveredelements="0"/>
      </file>
      <file name="/Users/gilmar.pupo/workspace/Gpupo/netshoes-sdk/src/Entity/Product/Sku/PriceSchedule.php">
        <class name="PriceSchedule" namespace="Gpupo\NetshoesSdk\Entity\Product\Sku">
          <metrics complexity="8" methods="5" coveredmethods="5" conditionals="0" coveredconditionals="0" statements="12" coveredstatements="12" elements="17" coveredelements="17"/>
        </class>
        <line num="47" type="method" name="setUp" visibility="protected" complexity="1" crap="1" count="61"/>
        <line num="49" type="stmt" count="61"/>
        <line num="50" type="stmt" count="61"/>
        <line num="52" type="method" name="dateFormat" visibility="protected" complexity="1" crap="1" count="11"/>
        <line num="54" type="stmt" count="11"/>
        <line num="55" type="stmt" count="11"/>
        <line num="57" type="stmt" count="11"/>
        <line num="60" type="method" name="setDateInit" visibility="public" complexity="1" crap="1" count="9"/>
        <line num="62" type="stmt" count="9"/>
        <line num="65" type="method" name="setDateEnd" visibility="public" complexity="1" crap="1" count="9"/>
        <line num="67" type="stmt" count="9"/>
        <line num="70" type="method" name="toArray" visibility="public" complexity="3" crap="3" count="8"/>
        <line num="72" type="stmt" count="8"/>
        <line num="73" type="stmt" count="8"/>
        <line num="76" type="stmt" count="8"/>
        <line num="77" type="stmt" count="8"/>
        <line num="80" type="stmt" count="8"/>
        <metrics loc="82" ncloc="58" classes="1" methods="5" coveredmethods="5" conditionals="0" coveredconditionals="0" statements="12" coveredstatements="12" elements="17" coveredelements="17"/>
      </file>
      <file name="/Users/gilmar.pupo/workspace/Gpupo/netshoes-sdk/src/Entity/Product/Sku/PriceScheduleCollection.php">
        <class name="PriceScheduleCollection" namespace="Gpupo\NetshoesSdk\Entity\Product\Sku">
          <metrics complexity="8" methods="3" coveredmethods="3" conditionals="0" coveredconditionals="0" statements="9" coveredstatements="9" elements="12" coveredelements="12"/>
        </class>
        <line num="29" type="method" name="factoryEntity" visibility="protected" complexity="1" crap="1" count="1"/>
        <line num="31" type="stmt" count="1"/>
        <line num="34" type="method" name="getCurrent" visibility="public" complexity="5" crap="5" count="2"/>
        <line num="36" type="stmt" count="2"/>
        <line num="37" type="stmt" count="1"/>
        <line num="40" type="stmt" count="1"/>
        <line num="42" type="stmt" count="1"/>
        <line num="43" type="stmt" count="1"/>
        <line num="44" type="stmt" count="1"/>
        <line num="47" type="method" name="anonymous function" complexity="1" crap="1" count="1"/>
        <line num="48" type="stmt" count="1"/>
        <line num="49" type="stmt" count="1"/>
        <line num="50" type="stmt" count="1"/>
        <line num="51" type="stmt" count="1"/>
        <line num="53" type="stmt" count="1"/>
        <metrics loc="55" ncloc="41" classes="1" methods="3" coveredmethods="3" conditionals="0" coveredconditionals="0" statements="12" coveredstatements="12" elements="15" coveredelements="15"/>
      </file>
      <file name="/Users/gilmar.pupo/workspace/Gpupo/netshoes-sdk/src/Entity/Product/Sku/SkuCollection.php">
        <class name="SkuCollection" namespace="Gpupo\NetshoesSdk\Entity\Product\Sku">
          <metrics complexity="2" methods="2" coveredmethods="2" conditionals="0" coveredconditionals="0" statements="2" coveredstatements="2" elements="4" coveredelements="4"/>
        </class>
        <line num="21" type="method" name="getKey" visibility="protected" complexity="1" crap="1" count="1"/>
        <line num="23" type="stmt" count="1"/>
        <line num="26" type="method" name="factoryEntity" visibility="protected" complexity="1" crap="1" count="2"/>
        <line num="28" type="stmt" count="2"/>
        <metrics loc="30" ncloc="19" classes="1" methods="2" coveredmethods="2" conditionals="0" coveredconditionals="0" statements="2" coveredstatements="2" elements="4" coveredelements="4"/>
      </file>
      <file name="/Users/gilmar.pupo/workspace/Gpupo/netshoes-sdk/src/Entity/Product/Sku/Status.php">
        <class name="Status" namespace="Gpupo\NetshoesSdk\Entity\Product\Sku">
          <metrics complexity="1" methods="0" coveredmethods="0" conditionals="0" coveredconditionals="0" statements="0" coveredstatements="0" elements="0" coveredelements="0"/>
        </class>
        <metrics loc="35" ncloc="17" classes="1" methods="0" coveredmethods="0" conditionals="0" coveredconditionals="0" statements="0" coveredstatements="0" elements="0" coveredelements="0"/>
      </file>
      <file name="/Users/gilmar.pupo/workspace/Gpupo/netshoes-sdk/src/Entity/Product/Sku/Stock.php">
        <class name="Stock" namespace="Gpupo\NetshoesSdk\Entity\Product\Sku">
          <metrics complexity="1" methods="0" coveredmethods="0" conditionals="0" coveredconditionals="0" statements="0" coveredstatements="0" elements="0" coveredelements="0"/>
        </class>
        <metrics loc="35" ncloc="17" classes="1" methods="0" coveredmethods="0" conditionals="0" coveredconditionals="0" statements="0" coveredstatements="0" elements="0" coveredelements="0"/>
      </file>
    </package>
    <file name="/Users/gilmar.pupo/workspace/Gpupo/netshoes-sdk/src/Entity/Product/Sku/map.config.php">
      <line num="15" type="stmt" count="2"/>
      <line num="16" type="stmt" count="2"/>
      <line num="19" type="stmt" count="2"/>
      <line num="21" type="stmt" count="2"/>
      <line num="22" type="stmt" count="2"/>
      <line num="23" type="stmt" count="2"/>
      <line num="24" type="stmt" count="2"/>
      <line num="25" type="stmt" count="2"/>
      <line num="26" type="stmt" count="2"/>
      <line num="27" type="stmt" count="2"/>
      <line num="28" type="stmt" count="2"/>
      <line num="29" type="stmt" count="2"/>
      <line num="30" type="stmt" count="2"/>
      <line num="31" type="stmt" count="2"/>
      <line num="32" type="stmt" count="2"/>
      <metrics loc="33" ncloc="-6" classes="0" methods="0" coveredmethods="0" conditionals="0" coveredconditionals="0" statements="15" coveredstatements="15" elements="15" coveredelements="15"/>
    </file>
    <file name="/Users/gilmar.pupo/workspace/Gpupo/netshoes-sdk/src/Entity/Product/translateFrom.map.php">
      <line num="15" type="stmt" count="52"/>
      <line num="18" type="stmt" count="52"/>
      <line num="19" type="stmt" count="52"/>
      <line num="21" type="stmt" count="52"/>
      <line num="23" type="stmt" count="52"/>
      <line num="25" type="stmt" count="52"/>
      <line num="26" type="stmt" count="52"/>
      <line num="27" type="stmt" count="52"/>
      <line num="28" type="stmt" count="52"/>
      <line num="29" type="stmt" count="52"/>
      <line num="30" type="stmt" count="52"/>
      <line num="31" type="stmt" count="52"/>
      <line num="32" type="stmt" count="52"/>
      <line num="33" type="stmt" count="52"/>
      <line num="34" type="stmt" count="52"/>
      <line num="35" type="stmt" count="52"/>
      <line num="36" type="stmt" count="52"/>
      <line num="37" type="stmt" count="52"/>
      <line num="38" type="stmt" count="52"/>
      <line num="39" type="stmt" count="52"/>
      <line num="40" type="stmt" count="52"/>
      <line num="41" type="stmt" count="52"/>
      <line num="42" type="stmt" count="52"/>
      <line num="47" type="stmt" count="52"/>
      <line num="48" type="stmt" count="52"/>
      <line num="51" type="stmt" count="52"/>
      <line num="52" type="stmt" count="52"/>
      <line num="53" type="stmt" count="52"/>
      <line num="54" type="stmt" count="52"/>
      <line num="55" type="stmt" count="52"/>
      <metrics loc="56" ncloc="45" classes="0" methods="0" coveredmethods="0" conditionals="0" coveredconditionals="0" statements="30" coveredstatements="30" elements="30" coveredelements="30"/>
    </file>
    <file name="/Users/gilmar.pupo/workspace/Gpupo/netshoes-sdk/src/Entity/Product/translateTo.map.php">
      <line num="29" type="stmt" count="54"/>
      <line num="31" type="stmt" count="54"/>
      <line num="32" type="stmt" count="54"/>
      <line num="33" type="stmt" count="54"/>
      <line num="34" type="stmt" count="54"/>
      <line num="35" type="stmt" count="54"/>
      <line num="37" type="stmt" count="54"/>
      <line num="38" type="stmt" count="54"/>
      <line num="39" type="stmt" count="54"/>
      <line num="40" type="stmt" count="54"/>
      <line num="41" type="stmt" count="54"/>
      <line num="42" type="stmt" count="54"/>
      <line num="43" type="stmt" count="54"/>
      <line num="44" type="stmt" count="54"/>
      <line num="45" type="stmt" count="54"/>
      <line num="46" type="stmt" count="54"/>
      <line num="47" type="stmt" count="54"/>
      <line num="48" type="stmt" count="54"/>
      <line num="49" type="stmt" count="54"/>
      <line num="50" type="stmt" count="54"/>
      <line num="51" type="stmt" count="54"/>
      <line num="52" type="stmt" count="54"/>
      <line num="58" type="stmt" count="54"/>
      <line num="59" type="stmt" count="54"/>
      <line num="60" type="stmt" count="54"/>
      <line num="61" type="stmt" count="54"/>
      <line num="62" type="stmt" count="54"/>
      <line num="63" type="stmt" count="54"/>
      <metrics loc="64" ncloc="42" classes="0" methods="0" coveredmethods="0" conditionals="0" coveredconditionals="0" statements="28" coveredstatements="28" elements="28" coveredelements="28"/>
    </file>
    <package name="Gpupo\NetshoesSdk\Entity\Templates">
      <file name="/Users/gilmar.pupo/workspace/Gpupo/netshoes-sdk/src/Entity/Templates/Item.php">
        <class name="Item" namespace="Gpupo\NetshoesSdk\Entity\Templates">
          <metrics complexity="1" methods="1" coveredmethods="1" conditionals="0" coveredconditionals="0" statements="1" coveredstatements="1" elements="2" coveredelements="2"/>
        </class>
        <line num="32" type="method" name="getSchema" visibility="public" complexity="1" crap="1" count="2"/>
        <line num="35" type="stmt" count="2"/>
        <metrics loc="40" ncloc="21" classes="1" methods="1" coveredmethods="1" conditionals="0" coveredconditionals="0" statements="1" coveredstatements="1" elements="2" coveredelements="2"/>
      </file>
      <file name="/Users/gilmar.pupo/workspace/Gpupo/netshoes-sdk/src/Entity/Templates/Manager.php">
        <class name="Manager" namespace="Gpupo\NetshoesSdk\Entity\Templates">
          <metrics complexity="0" methods="0" coveredmethods="0" conditionals="0" coveredconditionals="0" statements="0" coveredstatements="0" elements="0" coveredelements="0"/>
        </class>
        <metrics loc="39" ncloc="24" classes="1" methods="0" coveredmethods="0" conditionals="0" coveredconditionals="0" statements="0" coveredstatements="0" elements="0" coveredelements="0"/>
      </file>
      <file name="/Users/gilmar.pupo/workspace/Gpupo/netshoes-sdk/src/Entity/Templates/TemplatesCollection.php">
        <class name="TemplatesCollection" namespace="Gpupo\NetshoesSdk\Entity\Templates">
          <metrics complexity="2" methods="2" coveredmethods="2" conditionals="0" coveredconditionals="0" statements="2" coveredstatements="2" elements="4" coveredelements="4"/>
        </class>
        <line num="21" type="method" name="getKey" visibility="protected" complexity="1" crap="1" count="1"/>
        <line num="23" type="stmt" count="1"/>
        <line num="26" type="method" name="factoryEntity" visibility="protected" complexity="1" crap="1" count="1"/>
        <line num="28" type="stmt" count="1"/>
        <metrics loc="30" ncloc="19" classes="1" methods="2" coveredmethods="2" conditionals="0" coveredconditionals="0" statements="2" coveredstatements="2" elements="4" coveredelements="4"/>
      </file>
    </package>
    <package name="Gpupo\NetshoesSdk">
      <file name="/Users/gilmar.pupo/workspace/Gpupo/netshoes-sdk/src/Factory.php">
        <class name="Factory" namespace="Gpupo\NetshoesSdk">
          <metrics complexity="3" methods="3" coveredmethods="3" conditionals="0" coveredconditionals="0" statements="13" coveredstatements="13" elements="16" coveredelements="16"/>
        </class>
        <line num="22" type="method" name="setClient" visibility="public" complexity="1" crap="1" count="1"/>
        <line num="24" type="stmt" count="1"/>
        <line num="25" type="stmt" count="1"/>
        <line num="27" type="method" name="getNamespace" visibility="public" complexity="1" crap="1" count="12"/>
        <line num="29" type="stmt" count="12"/>
        <line num="32" type="method" name="getSchema" visibility="protected" complexity="1" crap="1" count="12"/>
        <line num="36" type="stmt" count="12"/>
        <line num="37" type="stmt" count="12"/>
        <line num="40" type="stmt" count="12"/>
        <line num="41" type="stmt" count="12"/>
        <line num="44" type="stmt" count="12"/>
        <line num="45" type="stmt" count="12"/>
        <line num="48" type="stmt" count="12"/>
        <line num="51" type="stmt" count="12"/>
        <line num="54" type="stmt" count="12"/>
        <line num="55" type="stmt" count="12"/>
        <metrics loc="59" ncloc="48" classes="1" methods="3" coveredmethods="3" conditionals="0" coveredconditionals="0" statements="13" coveredstatements="13" elements="16" coveredelements="16"/>
      </file>
    </package>
    <metrics files="51" loc="2982" ncloc="2014" classes="44" methods="94" coveredmethods="77" conditionals="0" coveredconditionals="0" statements="499" coveredstatements="441" elements="593" coveredelements="518"/>
  </project>
</coverage>
